<?xml version="1.0" encoding="UTF-8"?>
<coverage generated="1670475319196" clover="3.2.0">
  <project timestamp="1670475319196" name="All files">
    <metrics statements="17" coveredstatements="6" conditionals="6" coveredconditionals="2" methods="4" coveredmethods="1" elements="27" coveredelements="9" complexity="0" loc="17" ncloc="17" packages="2" files="2" classes="2"/>
    <package name="New Node">
      <metrics statements="14" coveredstatements="4" conditionals="6" coveredconditionals="2" methods="3" coveredmethods="1"/>
      <file name="middleware.js" path="C:\Users\sahas\Downloads\New Node\middleware.js">
        <metrics statements="14" coveredstatements="4" conditionals="6" coveredconditionals="2" methods="3" coveredmethods="1"/>
        <line num="4" count="1" type="stmt"/>
        <line num="6" count="2" type="cond" truecount="2" falsecount="0"/>
        <line num="7" count="1" type="stmt"/>
        <line num="9" count="1" type="stmt"/>
        <line num="15" count="0" type="stmt"/>
        <line num="16" count="0" type="cond" truecount="0" falsecount="2"/>
        <line num="17" count="0" type="stmt"/>
        <line num="19" count="0" type="stmt"/>
        <line num="21" count="0" type="stmt"/>
        <line num="24" count="0" type="stmt"/>
        <line num="25" count="0" type="cond" truecount="0" falsecount="2"/>
        <line num="26" count="0" type="stmt"/>
        <line num="28" count="0" type="stmt"/>
        <line num="30" count="0" type="stmt"/>
      </file>
    </package>
    <package name="New Node.model">
      <metrics statements="3" coveredstatements="2" conditionals="0" coveredconditionals="0" methods="1" coveredmethods="0"/>
      <file name="schema.js" path="C:\Users\sahas\Downloads\New Node\model\schema.js">
        <metrics statements="3" coveredstatements="2" conditionals="0" coveredconditionals="0" methods="1" coveredmethods="0"/>
        <line num="3" count="1" type="stmt"/>
        <line num="16" count="1" type="stmt"/>
        <line num="17" count="0" type="stmt"/>
      </file>
    </package>
  </project>
</coverage>
