TN:
SF:middleware.js
FN:5,(anonymous_0)
FN:14,(anonymous_1)
FN:23,(anonymous_2)
FNF:3
FNH:1
FNDA:2,(anonymous_0)
FNDA:0,(anonymous_1)
FNDA:0,(anonymous_2)
DA:4,1
DA:6,2
DA:7,1
DA:9,1
DA:15,0
DA:16,0
DA:17,0
DA:19,0
DA:21,0
DA:24,0
DA:25,0
DA:26,0
DA:28,0
DA:30,0
LF:14
LH:4
BRDA:6,0,0,1
BRDA:6,0,1,1
BRDA:16,1,0,0
BRDA:16,1,1,0
BRDA:25,2,0,0
BRDA:25,2,1,0
BRF:6
BRH:2
end_of_record
TN:
SF:model\schema.js
FN:16,(anonymous_0)
FNF:1
FNH:0
FNDA:0,(anonymous_0)
DA:3,1
DA:16,1
DA:17,0
LF:3
LH:2
BRF:0
BRH:0
end_of_record
